TN:
SF:src/app.ts
FN:30,(anonymous_1)
FN:36,(anonymous_2)
FNF:2
FNH:1
FNDA:0,(anonymous_1)
FNDA:1,(anonymous_2)
DA:1,1
DA:2,1
DA:3,1
DA:4,1
DA:5,1
DA:7,1
DA:8,1
DA:10,1
DA:11,1
DA:13,1
DA:25,1
DA:27,1
DA:30,1
DA:31,0
DA:36,1
DA:37,1
DA:40,1
LF:17
LH:16
BRDA:8,0,0,1
BRDA:8,0,1,1
BRF:2
BRH:2
end_of_record
TN:
SF:src/controllers/VendingMachineController.ts
FN:9,(anonymous_0)
FN:14,(anonymous_1)
FN:27,(anonymous_2)
FNF:3
FNH:3
FNDA:1,(anonymous_0)
FNDA:16,(anonymous_1)
FNDA:3,(anonymous_2)
DA:2,1
DA:4,1
DA:6,1
DA:8,1
DA:10,1
DA:11,1
DA:15,16
DA:16,16
DA:17,0
DA:19,16
DA:20,16
DA:21,12
DA:23,4
DA:28,3
DA:29,3
DA:30,0
DA:32,3
DA:33,3
DA:34,1
DA:36,2
LF:20
LH:18
BRDA:16,0,0,0
BRDA:16,0,1,16
BRDA:16,1,0,16
BRDA:16,1,1,16
BRDA:29,2,0,0
BRDA:29,2,1,3
BRF:6
BRH:4
end_of_record
TN:
SF:src/routes/vendingRoutes.ts
FNF:0
FNH:0
DA:1,1
DA:2,1
DA:4,1
DA:123,1
DA:124,1
DA:125,1
DA:127,1
LF:7
LH:7
BRF:0
BRH:0
end_of_record
TN:
SF:src/services/VendingMachineService.ts
FN:6,(anonymous_0)
FN:14,(anonymous_1)
FN:21,(anonymous_2)
FN:22,(anonymous_3)
FN:43,(anonymous_4)
FN:44,(anonymous_5)
FN:55,(anonymous_6)
FNF:7
FNH:7
FNDA:10,(anonymous_0)
FNDA:4,(anonymous_1)
FNDA:32,(anonymous_2)
FNDA:58,(anonymous_3)
FNDA:6,(anonymous_4)
FNDA:15,(anonymous_5)
FNDA:9,(anonymous_6)
DA:4,2
DA:6,2
DA:7,10
DA:12,10
DA:15,4
DA:22,58
DA:23,32
DA:24,2
DA:26,30
DA:27,2
DA:29,28
DA:30,2
DA:32,26
DA:33,2
DA:36,24
DA:37,24
DA:38,24
DA:39,24
DA:40,24
DA:44,15
DA:45,6
DA:46,2
DA:48,4
DA:49,2
DA:51,2
DA:52,2
DA:56,9
DA:61,9
LF:28
LH:28
BRDA:23,0,0,2
BRDA:23,0,1,30
BRDA:26,1,0,2
BRDA:26,1,1,28
BRDA:29,2,0,2
BRDA:29,2,1,26
BRDA:32,3,0,2
BRDA:32,3,1,24
BRDA:45,4,0,2
BRDA:45,4,1,4
BRDA:48,5,0,2
BRDA:48,5,1,2
BRF:12
BRH:12
end_of_record
